<?xml version="1.0" encoding="UTF-8"?>
<!-- Generated by org.testng.reporters.JUnitXMLReporter -->
<testsuite ignored="0" hostname="DESKTOP-H5RUEN0" failures="1" tests="1" name="Test" time="3.432" errors="0" timestamp="01 Dec 2021 17:28:25 GMT">
  <testcase classname="com.bankusers.testcases.TC001_LoginTest" name="LoginTest" time="0.723">
    <failure type="java.lang.AssertionError" message="expected [true] but found [false]">
      <![CDATA[java.lang.AssertionError: expected [true] but found [false]
at com.bankusers.testcases.TC001_LoginTest.LoginTest(TC001_LoginTest.java:39)
... Removed 29 stack frames]]>
    </failure>
  </testcase> <!-- LoginTest -->
</testsuite> <!-- Test -->
