<?xml version="1.0" encoding="UTF-8"?>
<testng-results ignored="0" total="1" passed="1" failed="0" skipped="0">
  <reporter-output>
  </reporter-output>
  <suite started-at="2021-12-01T05:09:29Z" name="BankUsers" finished-at="2021-12-01T05:09:33Z" duration-ms="3348">
    <groups>
    </groups>
    <test started-at="2021-12-01T05:09:29Z" name="Test" finished-at="2021-12-01T05:09:33Z" duration-ms="3348">
      <class name="com.bankusers.testcases.TC001_LoginTest">
        <test-method is-config="true" signature="setup(java.lang.String)[pri:0, instance:com.bankusers.testcases.TC001_LoginTest@4241e0f4]" started-at="2021-12-01T05:09:29Z" name="setup" finished-at="2021-12-01T05:09:32Z" duration-ms="2606" status="PASS">
          <params>
            <param index="0">
              <value>
                <![CDATA[chrome]]>
              </value>
            </param>
          </params>
          <reporter-output>
          </reporter-output>
        </test-method> <!-- setup -->
        <test-method signature="LoginTest()[pri:0, instance:com.bankusers.testcases.TC001_LoginTest@4241e0f4]" started-at="2021-12-01T05:09:32Z" name="LoginTest" finished-at="2021-12-01T05:09:32Z" duration-ms="549" status="PASS">
          <reporter-output>
          </reporter-output>
        </test-method> <!-- LoginTest -->
        <test-method is-config="true" signature="tearDown()[pri:0, instance:com.bankusers.testcases.TC001_LoginTest@4241e0f4]" started-at="2021-12-01T05:09:32Z" name="tearDown" finished-at="2021-12-01T05:09:33Z" duration-ms="173" status="PASS">
          <reporter-output>
          </reporter-output>
        </test-method> <!-- tearDown -->
      </class> <!-- com.bankusers.testcases.TC001_LoginTest -->
    </test> <!-- Test -->
  </suite> <!-- BankUsers -->
</testng-results>
